[ 2017-03-15T14:38:22+08:00 ] 183.56.148.206 183.130.103.76 GET /index.html
[ log ] o.dqzd.com/index.html [运行时间：0.058369s][吞吐率：17.13req/s] [内存消耗：3,297.37kb] [文件加载：50]
[ info ] [ LANG ] /www/wwwroot/o.dqzd.cpm/thinkphp/lang/zh-cn.php
[ info ] [ ROUTE ] array (
  'type' => 'module',
  'module' => 
  array (
    0 => 'index',
    1 => NULL,
    2 => NULL,
  ),
)
[ info ] [ HEADER ] array (
  'host' => 'o.dqzd.com',
  'connection' => 'keep-alive',
  'accept' => 'text/html,application/xhtml+xml,application/xml;q=0.9,image/webp,*/*;q=0.8',
  'upgrade-insecure-requests' => '1',
  'user-agent' => 'Mozilla/5.0 (Windows NT 6.1; WOW64) AppleWebKit/537.36 (KHTML, like Gecko) Chrome/45.0.2454.101 Safari/537.36',
  'accept-encoding' => 'gzip, deflate, sdch',
  'accept-language' => 'zh-CN,zh;q=0.8',
  'content-type' => '',
  'content-length' => '',
)
[ info ] [ PARAM ] array (
)
[ info ] [ DB ] INIT mysql
[ info ] [ RUN ] app\index\controller\Index->index[ /www/wwwroot/o.dqzd.cpm/application/index/controller/Index.php ]
[ info ] [ VIEW ] /www/wwwroot/o.dqzd.cpm/public/../application/index/view/index/index.html [ array (
  0 => 'system',
  1 => 'link',
  2 => 'pro',
  3 => 'slide',
  4 => 'news',
) ]
[ info ] [ LOG ] INIT File
[ sql ] [ DB ] CONNECT:[ UseTime:0.000727s ] mysql:dbname=jiepai;host=127.0.0.1;charset=utf8
[ sql ] [ SQL ] SHOW COLUMNS FROM `wb_system` [ RunTime:0.001502s ]
[ sql ] [ SQL ] SELECT * FROM `wb_system` WHERE  `id` = 1 LIMIT 1 [ RunTime:0.000443s ]
[ sql ] [ SQL ] SHOW COLUMNS FROM `wb_productcate` [ RunTime:0.000988s ]
[ sql ] [ SQL ] SELECT * FROM `wb_productcate` WHERE  (  pid=0 ) [ RunTime:0.000333s ]
[ sql ] [ SQL ] SHOW COLUMNS FROM `wb_others` [ RunTime:0.000897s ]
[ sql ] [ SQL ] SELECT * FROM `wb_others` WHERE  `id` = 1 LIMIT 1 [ RunTime:0.000443s ]
[ sql ] [ SQL ] SHOW COLUMNS FROM `wb_slide` [ RunTime:0.000986s ]
[ sql ] [ SQL ] SELECT * FROM `wb_slide` ORDER BY slide_sort asc [ RunTime:0.000274s ]
[ sql ] [ SQL ] SHOW COLUMNS FROM `wb_article` [ RunTime:0.000898s ]
[ sql ] [ SQL ] SELECT * FROM `wb_article` ORDER BY id desc LIMIT 3 [ RunTime:0.000369s ]

---------------------------------------------------------------
[ 2017-03-15T14:38:25+08:00 ] 183.56.148.206 183.130.103.76 GET /favicon.ico
[ log ] o.dqzd.com/favicon.ico [运行时间：0.026230s][吞吐率：38.12req/s] [内存消耗：1,579.55kb] [文件加载：32]
[ info ] [ LANG ] /www/wwwroot/o.dqzd.cpm/thinkphp/lang/zh-cn.php
[ info ] [ ROUTE ] array (
  'type' => 'module',
  'module' => 
  array (
    0 => 'favicon.ico',
    1 => NULL,
    2 => NULL,
  ),
)
[ info ] [ HEADER ] array (
  'host' => 'o.dqzd.com',
  'connection' => 'keep-alive',
  'user-agent' => 'Mozilla/5.0 (Windows NT 6.1; WOW64) AppleWebKit/537.36 (KHTML, like Gecko) Chrome/45.0.2454.101 Safari/537.36',
  'accept' => '*/*',
  'referer' => 'http://o.dqzd.com/index.html',
  'accept-encoding' => 'gzip, deflate, sdch',
  'accept-language' => 'zh-CN,zh;q=0.8',
  'content-type' => '',
  'content-length' => '',
)
[ info ] [ PARAM ] array (
)
[ info ] [ LOG ] INIT File

---------------------------------------------------------------
[ 2017-03-15T14:38:25+08:00 ] 183.56.148.206 183.130.103.76 GET /favicon.ico
[ log ] o.dqzd.com/favicon.ico [运行时间：0.018942s][吞吐率：52.79req/s] [内存消耗：1,579.45kb] [文件加载：32]
[ info ] [ LANG ] /www/wwwroot/o.dqzd.cpm/thinkphp/lang/zh-cn.php
[ info ] [ ROUTE ] array (
  'type' => 'module',
  'module' => 
  array (
    0 => '404',
    1 => NULL,
    2 => NULL,
  ),
)
[ info ] [ HEADER ] array (
  'host' => 'o.dqzd.com',
  'connection' => 'keep-alive',
  'user-agent' => 'Mozilla/5.0 (Windows NT 6.1; WOW64) AppleWebKit/537.36 (KHTML, like Gecko) Chrome/45.0.2454.101 Safari/537.36',
  'accept' => '*/*',
  'referer' => 'http://o.dqzd.com/index.html',
  'accept-encoding' => 'gzip, deflate, sdch',
  'accept-language' => 'zh-CN,zh;q=0.8',
  'content-type' => '',
  'content-length' => '',
)
[ info ] [ PARAM ] array (
)
[ info ] [ LOG ] INIT File

---------------------------------------------------------------
[ 2017-03-15T14:38:53+08:00 ] 183.56.148.206 183.130.103.76 GET /pro1/4
[ log ] o.dqzd.com/pro1/4 [运行时间：0.044582s][吞吐率：22.43req/s] [内存消耗：3,337.63kb] [文件加载：52]
[ info ] [ LANG ] /www/wwwroot/o.dqzd.cpm/thinkphp/lang/zh-cn.php
[ info ] [ ROUTE ] array (
  'type' => 'module',
  'module' => 
  array (
    0 => 'index',
    1 => 'Pro',
    2 => 'pro1',
  ),
  'convert' => false,
)
[ info ] [ HEADER ] array (
  'host' => 'o.dqzd.com',
  'connection' => 'keep-alive',
  'accept' => 'text/html,application/xhtml+xml,application/xml;q=0.9,image/webp,*/*;q=0.8',
  'upgrade-insecure-requests' => '1',
  'user-agent' => 'Mozilla/5.0 (Windows NT 6.1; WOW64) AppleWebKit/537.36 (KHTML, like Gecko) Chrome/45.0.2454.101 Safari/537.36',
  'referer' => 'http://o.dqzd.com/index.html',
  'accept-encoding' => 'gzip, deflate, sdch',
  'accept-language' => 'zh-CN,zh;q=0.8',
  'content-type' => '',
  'content-length' => '',
)
[ info ] [ PARAM ] array (
  'tid' => '4',
)
[ info ] [ DB ] INIT mysql
[ info ] [ RUN ] app\index\controller\Pro->pro1[ /www/wwwroot/o.dqzd.cpm/application/index/controller/Pro.php ]
[ info ] [ VIEW ] /www/wwwroot/o.dqzd.cpm/public/../application/index/view/pro/pro1.html [ array (
  0 => 'system',
  1 => 'link',
  2 => 'pro',
  3 => 'list',
) ]
[ info ] [ LOG ] INIT File
[ sql ] [ DB ] CONNECT:[ UseTime:0.000699s ] mysql:dbname=jiepai;host=127.0.0.1;charset=utf8
[ sql ] [ SQL ] SHOW COLUMNS FROM `wb_system` [ RunTime:0.001373s ]
[ sql ] [ SQL ] SELECT * FROM `wb_system` WHERE  `id` = 1 LIMIT 1 [ RunTime:0.000349s ]
[ sql ] [ SQL ] SHOW COLUMNS FROM `wb_productcate` [ RunTime:0.000886s ]
[ sql ] [ SQL ] SELECT * FROM `wb_productcate` WHERE  (  pid=0 ) [ RunTime:0.000260s ]
[ sql ] [ SQL ] SHOW COLUMNS FROM `wb_others` [ RunTime:0.000980s ]
[ sql ] [ SQL ] SELECT * FROM `wb_others` WHERE  `id` = 1 LIMIT 1 [ RunTime:0.000433s ]
[ sql ] [ SQL ] SELECT * FROM `wb_productcate` WHERE  (  pid=4 ) [ RunTime:0.000291s ]

---------------------------------------------------------------
[ 2017-03-15T14:38:54+08:00 ] 183.56.148.206 183.130.103.76 GET /pro1/favicon.ico
[ log ] o.dqzd.com/pro1/favicon.ico [运行时间：0.048805s][吞吐率：20.49req/s] [内存消耗：3,398.67kb] [文件加载：56]
[ info ] [ LANG ] /www/wwwroot/o.dqzd.cpm/thinkphp/lang/zh-cn.php
[ info ] [ ROUTE ] array (
  'type' => 'module',
  'module' => 
  array (
    0 => 'index',
    1 => 'Pro',
    2 => 'pro1',
  ),
  'convert' => false,
)
[ info ] [ HEADER ] array (
  'host' => 'o.dqzd.com',
  'connection' => 'keep-alive',
  'user-agent' => 'Mozilla/5.0 (Windows NT 6.1; WOW64) AppleWebKit/537.36 (KHTML, like Gecko) Chrome/45.0.2454.101 Safari/537.36',
  'accept' => '*/*',
  'referer' => 'http://o.dqzd.com/pro1/4',
  'accept-encoding' => 'gzip, deflate, sdch',
  'accept-language' => 'zh-CN,zh;q=0.8',
  'content-type' => '',
  'content-length' => '',
)
[ info ] [ PARAM ] array (
  'tid' => 'favicon.ico',
)
[ info ] [ DB ] INIT mysql
[ info ] [ RUN ] app\index\controller\Pro->pro1[ /www/wwwroot/o.dqzd.cpm/application/index/controller/Pro.php ]
[ info ] [ LOG ] INIT File
[ sql ] [ DB ] CONNECT:[ UseTime:0.000610s ] mysql:dbname=jiepai;host=127.0.0.1;charset=utf8
[ sql ] [ SQL ] SHOW COLUMNS FROM `wb_system` [ RunTime:0.001126s ]
[ sql ] [ SQL ] SELECT * FROM `wb_system` WHERE  `id` = 1 LIMIT 1 [ RunTime:0.000310s ]
[ sql ] [ SQL ] SHOW COLUMNS FROM `wb_productcate` [ RunTime:0.000795s ]
[ sql ] [ SQL ] SELECT * FROM `wb_productcate` WHERE  (  pid=0 ) [ RunTime:0.000274s ]
[ sql ] [ SQL ] SHOW COLUMNS FROM `wb_others` [ RunTime:0.001065s ]
[ sql ] [ SQL ] SELECT * FROM `wb_others` WHERE  `id` = 1 LIMIT 1 [ RunTime:0.000314s ]
[ error ] [10501]SQLSTATE[42S22]: Column not found: 1054 Unknown column 'favicon.ico' in 'where clause'[/www/wwwroot/o.dqzd.cpm/thinkphp/library/think/db/Connection.php:399]

---------------------------------------------------------------
[ 2017-03-15T14:38:57+08:00 ] 183.56.148.206 183.130.103.76 GET /
[ log ] o.dqzd.com/ [运行时间：0.050787s][吞吐率：19.69req/s] [内存消耗：3,293.03kb] [文件加载：50]
[ info ] [ LANG ] /www/wwwroot/o.dqzd.cpm/thinkphp/lang/zh-cn.php
[ info ] [ ROUTE ] array (
  'type' => 'module',
  'module' => 
  array (
    0 => '',
    1 => NULL,
    2 => NULL,
  ),
)
[ info ] [ HEADER ] array (
  'host' => 'o.dqzd.com',
  'connection' => 'keep-alive',
  'accept' => 'text/html,application/xhtml+xml,application/xml;q=0.9,image/webp,*/*;q=0.8',
  'upgrade-insecure-requests' => '1',
  'user-agent' => 'Mozilla/5.0 (Windows NT 6.1; WOW64) AppleWebKit/537.36 (KHTML, like Gecko) Chrome/45.0.2454.101 Safari/537.36',
  'referer' => 'http://o.dqzd.com/pro1/4',
  'accept-encoding' => 'gzip, deflate, sdch',
  'accept-language' => 'zh-CN,zh;q=0.8',
  'content-type' => '',
  'content-length' => '',
)
[ info ] [ PARAM ] array (
)
[ info ] [ DB ] INIT mysql
[ info ] [ RUN ] app\index\controller\Index->index[ /www/wwwroot/o.dqzd.cpm/application/index/controller/Index.php ]
[ info ] [ VIEW ] /www/wwwroot/o.dqzd.cpm/public/../application/index/view/index/index.html [ array (
  0 => 'system',
  1 => 'link',
  2 => 'pro',
  3 => 'slide',
  4 => 'news',
) ]
[ info ] [ LOG ] INIT File
[ sql ] [ DB ] CONNECT:[ UseTime:0.000634s ] mysql:dbname=jiepai;host=127.0.0.1;charset=utf8
[ sql ] [ SQL ] SHOW COLUMNS FROM `wb_system` [ RunTime:0.001242s ]
[ sql ] [ SQL ] SELECT * FROM `wb_system` WHERE  `id` = 1 LIMIT 1 [ RunTime:0.000324s ]
[ sql ] [ SQL ] SHOW COLUMNS FROM `wb_productcate` [ RunTime:0.000790s ]
[ sql ] [ SQL ] SELECT * FROM `wb_productcate` WHERE  (  pid=0 ) [ RunTime:0.000246s ]
[ sql ] [ SQL ] SHOW COLUMNS FROM `wb_others` [ RunTime:0.000904s ]
[ sql ] [ SQL ] SELECT * FROM `wb_others` WHERE  `id` = 1 LIMIT 1 [ RunTime:0.000214s ]
[ sql ] [ SQL ] SHOW COLUMNS FROM `wb_slide` [ RunTime:0.000958s ]
[ sql ] [ SQL ] SELECT * FROM `wb_slide` ORDER BY slide_sort asc [ RunTime:0.000280s ]
[ sql ] [ SQL ] SHOW COLUMNS FROM `wb_article` [ RunTime:0.001102s ]
[ sql ] [ SQL ] SELECT * FROM `wb_article` ORDER BY id desc LIMIT 3 [ RunTime:0.000346s ]

---------------------------------------------------------------
