[ 2017-03-16T09:02:05+08:00 ] 183.56.148.206 183.130.103.76 GET /index.html
[ log ] o.dqzd.com/index.html [运行时间：0.044168s][吞吐率：22.64req/s] [内存消耗：3,297.37kb] [文件加载：50]
[ info ] [ LANG ] /www/wwwroot/o.dqzd.cpm/thinkphp/lang/zh-cn.php
[ info ] [ ROUTE ] array (
  'type' => 'module',
  'module' => 
  array (
    0 => 'index',
    1 => NULL,
    2 => NULL,
  ),
)
[ info ] [ HEADER ] array (
  'host' => 'o.dqzd.com',
  'connection' => 'keep-alive',
  'accept' => 'text/html,application/xhtml+xml,application/xml;q=0.9,image/webp,*/*;q=0.8',
  'upgrade-insecure-requests' => '1',
  'user-agent' => 'Mozilla/5.0 (Windows NT 6.1; WOW64) AppleWebKit/537.36 (KHTML, like Gecko) Chrome/45.0.2454.101 Safari/537.36',
  'accept-encoding' => 'gzip, deflate, sdch',
  'accept-language' => 'zh-CN,zh;q=0.8',
  'content-type' => '',
  'content-length' => '',
)
[ info ] [ PARAM ] array (
)
[ info ] [ DB ] INIT mysql
[ info ] [ RUN ] app\index\controller\Index->index[ /www/wwwroot/o.dqzd.cpm/application/index/controller/Index.php ]
[ info ] [ VIEW ] /www/wwwroot/o.dqzd.cpm/public/../application/index/view/index/index.html [ array (
  0 => 'system',
  1 => 'link',
  2 => 'pro',
  3 => 'slide',
  4 => 'news',
) ]
[ info ] [ LOG ] INIT File
[ sql ] [ DB ] CONNECT:[ UseTime:0.000711s ] mysql:dbname=jiepai;host=127.0.0.1;charset=utf8
[ sql ] [ SQL ] SHOW COLUMNS FROM `wb_system` [ RunTime:0.001168s ]
[ sql ] [ SQL ] SELECT * FROM `wb_system` WHERE  `id` = 1 LIMIT 1 [ RunTime:0.000343s ]
[ sql ] [ SQL ] SHOW COLUMNS FROM `wb_productcate` [ RunTime:0.000827s ]
[ sql ] [ SQL ] SELECT * FROM `wb_productcate` WHERE  (  pid=0 ) [ RunTime:0.000243s ]
[ sql ] [ SQL ] SHOW COLUMNS FROM `wb_others` [ RunTime:0.000922s ]
[ sql ] [ SQL ] SELECT * FROM `wb_others` WHERE  `id` = 1 LIMIT 1 [ RunTime:0.000238s ]
[ sql ] [ SQL ] SHOW COLUMNS FROM `wb_slide` [ RunTime:0.000791s ]
[ sql ] [ SQL ] SELECT * FROM `wb_slide` ORDER BY slide_sort asc [ RunTime:0.000307s ]
[ sql ] [ SQL ] SHOW COLUMNS FROM `wb_article` [ RunTime:0.001146s ]
[ sql ] [ SQL ] SELECT * FROM `wb_article` ORDER BY id desc LIMIT 3 [ RunTime:0.000358s ]

---------------------------------------------------------------
[ 2017-03-16T09:02:09+08:00 ] 183.56.148.206 183.130.103.76 GET /favicon.ico
[ log ] o.dqzd.com/favicon.ico [运行时间：0.017051s][吞吐率：58.65req/s] [内存消耗：1,579.55kb] [文件加载：32]
[ info ] [ LANG ] /www/wwwroot/o.dqzd.cpm/thinkphp/lang/zh-cn.php
[ info ] [ ROUTE ] array (
  'type' => 'module',
  'module' => 
  array (
    0 => 'favicon.ico',
    1 => NULL,
    2 => NULL,
  ),
)
[ info ] [ HEADER ] array (
  'host' => 'o.dqzd.com',
  'connection' => 'keep-alive',
  'user-agent' => 'Mozilla/5.0 (Windows NT 6.1; WOW64) AppleWebKit/537.36 (KHTML, like Gecko) Chrome/45.0.2454.101 Safari/537.36',
  'accept' => '*/*',
  'referer' => 'http://o.dqzd.com/index.html',
  'accept-encoding' => 'gzip, deflate, sdch',
  'accept-language' => 'zh-CN,zh;q=0.8',
  'content-type' => '',
  'content-length' => '',
)
[ info ] [ PARAM ] array (
)
[ info ] [ LOG ] INIT File

---------------------------------------------------------------
[ 2017-03-16T09:02:09+08:00 ] 183.56.148.206 183.130.103.76 GET /favicon.ico
[ log ] o.dqzd.com/favicon.ico [运行时间：0.017837s][吞吐率：56.06req/s] [内存消耗：1,569.73kb] [文件加载：33]
[ info ] [ LANG ] /www/wwwroot/o.dqzd.cpm/thinkphp/lang/zh-cn.php
[ info ] [ ROUTE ] array (
  'type' => 'module',
  'module' => 
  array (
    0 => '404',
    1 => NULL,
    2 => NULL,
  ),
)
[ info ] [ HEADER ] array (
  'host' => 'o.dqzd.com',
  'connection' => 'keep-alive',
  'user-agent' => 'Mozilla/5.0 (Windows NT 6.1; WOW64) AppleWebKit/537.36 (KHTML, like Gecko) Chrome/45.0.2454.101 Safari/537.36',
  'accept' => '*/*',
  'referer' => 'http://o.dqzd.com/index.html',
  'accept-encoding' => 'gzip, deflate, sdch',
  'accept-language' => 'zh-CN,zh;q=0.8',
  'content-type' => '',
  'content-length' => '',
)
[ info ] [ PARAM ] array (
)
[ info ] [ LOG ] INIT File

---------------------------------------------------------------
[ 2017-03-16T09:02:10+08:00 ] 183.56.148.206 180.153.214.178 GET /index.html
[ log ] o.dqzd.com/index.html [运行时间：0.041141s][吞吐率：24.31req/s] [内存消耗：3,297.24kb] [文件加载：50]
[ info ] [ LANG ] /www/wwwroot/o.dqzd.cpm/thinkphp/lang/zh-cn.php
[ info ] [ ROUTE ] array (
  'type' => 'module',
  'module' => 
  array (
    0 => 'index',
    1 => NULL,
    2 => NULL,
  ),
)
[ info ] [ HEADER ] array (
  'accept' => 'text/html,application/xhtml+xml,application/xml;q=0.9,*/*;q=0.8',
  'referer' => '',
  'user-agent' => 'Mozilla/5.0 (iPhone; CPU iPhone OS 8_4 like Mac OS X) AppleWebKit/600.1.4 (KHTML, like Gecko) Version/8.0 Mobile/12H143 Safari/600.1.4',
  'accept-encoding' => 'gzip, deflate',
  'accept-language' => 'en,*',
  'host' => 'o.dqzd.com',
  'connection' => 'keep-alive',
  'content-type' => '',
  'content-length' => '',
)
[ info ] [ PARAM ] array (
)
[ info ] [ DB ] INIT mysql
[ info ] [ RUN ] app\index\controller\Index->index[ /www/wwwroot/o.dqzd.cpm/application/index/controller/Index.php ]
[ info ] [ VIEW ] /www/wwwroot/o.dqzd.cpm/public/../application/index/view/index/index.html [ array (
  0 => 'system',
  1 => 'link',
  2 => 'pro',
  3 => 'slide',
  4 => 'news',
) ]
[ info ] [ LOG ] INIT File
[ sql ] [ DB ] CONNECT:[ UseTime:0.000682s ] mysql:dbname=jiepai;host=127.0.0.1;charset=utf8
[ sql ] [ SQL ] SHOW COLUMNS FROM `wb_system` [ RunTime:0.001060s ]
[ sql ] [ SQL ] SELECT * FROM `wb_system` WHERE  `id` = 1 LIMIT 1 [ RunTime:0.000312s ]
[ sql ] [ SQL ] SHOW COLUMNS FROM `wb_productcate` [ RunTime:0.000804s ]
[ sql ] [ SQL ] SELECT * FROM `wb_productcate` WHERE  (  pid=0 ) [ RunTime:0.000248s ]
[ sql ] [ SQL ] SHOW COLUMNS FROM `wb_others` [ RunTime:0.000793s ]
[ sql ] [ SQL ] SELECT * FROM `wb_others` WHERE  `id` = 1 LIMIT 1 [ RunTime:0.000586s ]
[ sql ] [ SQL ] SHOW COLUMNS FROM `wb_slide` [ RunTime:0.000916s ]
[ sql ] [ SQL ] SELECT * FROM `wb_slide` ORDER BY slide_sort asc [ RunTime:0.000399s ]
[ sql ] [ SQL ] SHOW COLUMNS FROM `wb_article` [ RunTime:0.000908s ]
[ sql ] [ SQL ] SELECT * FROM `wb_article` ORDER BY id desc LIMIT 3 [ RunTime:0.000269s ]

---------------------------------------------------------------
[ 2017-03-16T09:02:22+08:00 ] 183.56.148.206 101.226.89.120 GET /index.html
[ log ] o.dqzd.com/index.html [运行时间：0.040607s][吞吐率：24.63req/s] [内存消耗：3,296.84kb] [文件加载：50]
[ info ] [ LANG ] /www/wwwroot/o.dqzd.cpm/thinkphp/lang/zh-cn.php
[ info ] [ ROUTE ] array (
  'type' => 'module',
  'module' => 
  array (
    0 => 'index',
    1 => NULL,
    2 => NULL,
  ),
)
[ info ] [ HEADER ] array (
  'user-agent' => 'Mozilla/5.0 (Macintosh; Intel Mac OS X 10_12_4) AppleWebKit/537.36 (KHTML, like Gecko) 			Chrome/55.0.2883.95 Safari/537.36',
  'accept' => '*/*',
  'accept-encoding' => 'gzip, deflate, sdch, br',
  'accept-language' => 'zh-CN,zh;q=0.8,en-US;q=0.6,en;q=0.4',
  'host' => 'o.dqzd.com',
  'connection' => 'keep-alive',
  'content-type' => '',
  'content-length' => '',
)
[ info ] [ PARAM ] array (
)
[ info ] [ DB ] INIT mysql
[ info ] [ RUN ] app\index\controller\Index->index[ /www/wwwroot/o.dqzd.cpm/application/index/controller/Index.php ]
[ info ] [ VIEW ] /www/wwwroot/o.dqzd.cpm/public/../application/index/view/index/index.html [ array (
  0 => 'system',
  1 => 'link',
  2 => 'pro',
  3 => 'slide',
  4 => 'news',
) ]
[ info ] [ LOG ] INIT File
[ sql ] [ DB ] CONNECT:[ UseTime:0.000574s ] mysql:dbname=jiepai;host=127.0.0.1;charset=utf8
[ sql ] [ SQL ] SHOW COLUMNS FROM `wb_system` [ RunTime:0.001069s ]
[ sql ] [ SQL ] SELECT * FROM `wb_system` WHERE  `id` = 1 LIMIT 1 [ RunTime:0.000357s ]
[ sql ] [ SQL ] SHOW COLUMNS FROM `wb_productcate` [ RunTime:0.000829s ]
[ sql ] [ SQL ] SELECT * FROM `wb_productcate` WHERE  (  pid=0 ) [ RunTime:0.000248s ]
[ sql ] [ SQL ] SHOW COLUMNS FROM `wb_others` [ RunTime:0.000798s ]
[ sql ] [ SQL ] SELECT * FROM `wb_others` WHERE  `id` = 1 LIMIT 1 [ RunTime:0.000222s ]
[ sql ] [ SQL ] SHOW COLUMNS FROM `wb_slide` [ RunTime:0.000815s ]
[ sql ] [ SQL ] SELECT * FROM `wb_slide` ORDER BY slide_sort asc [ RunTime:0.000269s ]
[ sql ] [ SQL ] SHOW COLUMNS FROM `wb_article` [ RunTime:0.000939s ]
[ sql ] [ SQL ] SELECT * FROM `wb_article` ORDER BY id desc LIMIT 3 [ RunTime:0.000271s ]

---------------------------------------------------------------
[ 2017-03-16T09:02:28+08:00 ] 183.56.148.206 180.153.206.24 GET /index.html
[ log ] o.dqzd.com/index.html [运行时间：0.041188s][吞吐率：24.28req/s] [内存消耗：3,296.84kb] [文件加载：50]
[ info ] [ LANG ] /www/wwwroot/o.dqzd.cpm/thinkphp/lang/zh-cn.php
[ info ] [ ROUTE ] array (
  'type' => 'module',
  'module' => 
  array (
    0 => 'index',
    1 => NULL,
    2 => NULL,
  ),
)
[ info ] [ HEADER ] array (
  'user-agent' => 'Mozilla/5.0 (Macintosh; Intel Mac OS X 10_12_4) AppleWebKit/537.36 (KHTML, like Gecko) 			Chrome/55.0.2883.95 Safari/537.36',
  'accept' => '*/*',
  'accept-encoding' => 'gzip, deflate, sdch, br',
  'accept-language' => 'zh-CN,zh;q=0.8,en-US;q=0.6,en;q=0.4',
  'host' => 'o.dqzd.com',
  'connection' => 'keep-alive',
  'content-type' => '',
  'content-length' => '',
)
[ info ] [ PARAM ] array (
)
[ info ] [ DB ] INIT mysql
[ info ] [ RUN ] app\index\controller\Index->index[ /www/wwwroot/o.dqzd.cpm/application/index/controller/Index.php ]
[ info ] [ VIEW ] /www/wwwroot/o.dqzd.cpm/public/../application/index/view/index/index.html [ array (
  0 => 'system',
  1 => 'link',
  2 => 'pro',
  3 => 'slide',
  4 => 'news',
) ]
[ info ] [ LOG ] INIT File
[ sql ] [ DB ] CONNECT:[ UseTime:0.000601s ] mysql:dbname=jiepai;host=127.0.0.1;charset=utf8
[ sql ] [ SQL ] SHOW COLUMNS FROM `wb_system` [ RunTime:0.001064s ]
[ sql ] [ SQL ] SELECT * FROM `wb_system` WHERE  `id` = 1 LIMIT 1 [ RunTime:0.000319s ]
[ sql ] [ SQL ] SHOW COLUMNS FROM `wb_productcate` [ RunTime:0.000816s ]
[ sql ] [ SQL ] SELECT * FROM `wb_productcate` WHERE  (  pid=0 ) [ RunTime:0.000236s ]
[ sql ] [ SQL ] SHOW COLUMNS FROM `wb_others` [ RunTime:0.000827s ]
[ sql ] [ SQL ] SELECT * FROM `wb_others` WHERE  `id` = 1 LIMIT 1 [ RunTime:0.000239s ]
[ sql ] [ SQL ] SHOW COLUMNS FROM `wb_slide` [ RunTime:0.000805s ]
[ sql ] [ SQL ] SELECT * FROM `wb_slide` ORDER BY slide_sort asc [ RunTime:0.000242s ]
[ sql ] [ SQL ] SHOW COLUMNS FROM `wb_article` [ RunTime:0.000894s ]
[ sql ] [ SQL ] SELECT * FROM `wb_article` ORDER BY id desc LIMIT 3 [ RunTime:0.000253s ]

---------------------------------------------------------------
[ 2017-03-16T09:02:31+08:00 ] 183.56.148.206 112.16.48.132 GET /index.html
[ log ] o.dqzd.com/index.html [运行时间：0.042622s][吞吐率：23.46req/s] [内存消耗：3,297.38kb] [文件加载：50]
[ info ] [ LANG ] /www/wwwroot/o.dqzd.cpm/thinkphp/lang/zh-cn.php
[ info ] [ ROUTE ] array (
  'type' => 'module',
  'module' => 
  array (
    0 => 'index',
    1 => NULL,
    2 => NULL,
  ),
)
[ info ] [ HEADER ] array (
  'host' => 'o.dqzd.com',
  'connection' => 'keep-alive',
  'accept' => 'text/html,application/xhtml+xml,application/xml;q=0.9,image/webp,*/*;q=0.8',
  'upgrade-insecure-requests' => '1',
  'user-agent' => 'Mozilla/5.0 (Windows NT 6.1; WOW64) AppleWebKit/537.36 (KHTML, like Gecko) Chrome/45.0.2454.101 Safari/537.36',
  'accept-encoding' => 'gzip, deflate, sdch',
  'accept-language' => 'zh-CN,zh;q=0.8',
  'content-type' => '',
  'content-length' => '',
)
[ info ] [ PARAM ] array (
)
[ info ] [ DB ] INIT mysql
[ info ] [ RUN ] app\index\controller\Index->index[ /www/wwwroot/o.dqzd.cpm/application/index/controller/Index.php ]
[ info ] [ VIEW ] /www/wwwroot/o.dqzd.cpm/public/../application/index/view/index/index.html [ array (
  0 => 'system',
  1 => 'link',
  2 => 'pro',
  3 => 'slide',
  4 => 'news',
) ]
[ info ] [ LOG ] INIT File
[ sql ] [ DB ] CONNECT:[ UseTime:0.000730s ] mysql:dbname=jiepai;host=127.0.0.1;charset=utf8
[ sql ] [ SQL ] SHOW COLUMNS FROM `wb_system` [ RunTime:0.001169s ]
[ sql ] [ SQL ] SELECT * FROM `wb_system` WHERE  `id` = 1 LIMIT 1 [ RunTime:0.000332s ]
[ sql ] [ SQL ] SHOW COLUMNS FROM `wb_productcate` [ RunTime:0.001794s ]
[ sql ] [ SQL ] SELECT * FROM `wb_productcate` WHERE  (  pid=0 ) [ RunTime:0.000283s ]
[ sql ] [ SQL ] SHOW COLUMNS FROM `wb_others` [ RunTime:0.000798s ]
[ sql ] [ SQL ] SELECT * FROM `wb_others` WHERE  `id` = 1 LIMIT 1 [ RunTime:0.000242s ]
[ sql ] [ SQL ] SHOW COLUMNS FROM `wb_slide` [ RunTime:0.000787s ]
[ sql ] [ SQL ] SELECT * FROM `wb_slide` ORDER BY slide_sort asc [ RunTime:0.000247s ]
[ sql ] [ SQL ] SHOW COLUMNS FROM `wb_article` [ RunTime:0.000857s ]
[ sql ] [ SQL ] SELECT * FROM `wb_article` ORDER BY id desc LIMIT 3 [ RunTime:0.000279s ]

---------------------------------------------------------------
[ 2017-03-16T09:02:39+08:00 ] 183.56.148.206 112.16.48.132 GET /favicon.ico
[ log ] o.dqzd.com/favicon.ico [运行时间：0.020411s][吞吐率：48.99req/s] [内存消耗：1,569.72kb] [文件加载：33]
[ info ] [ LANG ] /www/wwwroot/o.dqzd.cpm/thinkphp/lang/zh-cn.php
[ info ] [ ROUTE ] array (
  'type' => 'module',
  'module' => 
  array (
    0 => 'favicon.ico',
    1 => NULL,
    2 => NULL,
  ),
)
[ info ] [ HEADER ] array (
  'host' => 'o.dqzd.com',
  'connection' => 'keep-alive',
  'user-agent' => 'Mozilla/5.0 (Windows NT 6.1; WOW64) AppleWebKit/537.36 (KHTML, like Gecko) Chrome/45.0.2454.101 Safari/537.36',
  'accept' => '*/*',
  'referer' => 'http://o.dqzd.com/index.html',
  'accept-encoding' => 'gzip, deflate, sdch',
  'accept-language' => 'zh-CN,zh;q=0.8',
  'content-type' => '',
  'content-length' => '',
)
[ info ] [ PARAM ] array (
)
[ info ] [ LOG ] INIT File

---------------------------------------------------------------
[ 2017-03-16T09:02:39+08:00 ] 183.56.148.206 112.16.48.132 GET /favicon.ico
[ log ] o.dqzd.com/favicon.ico [运行时间：0.017878s][吞吐率：55.93req/s] [内存消耗：1,569.73kb] [文件加载：33]
[ info ] [ LANG ] /www/wwwroot/o.dqzd.cpm/thinkphp/lang/zh-cn.php
[ info ] [ ROUTE ] array (
  'type' => 'module',
  'module' => 
  array (
    0 => '404',
    1 => NULL,
    2 => NULL,
  ),
)
[ info ] [ HEADER ] array (
  'host' => 'o.dqzd.com',
  'connection' => 'keep-alive',
  'user-agent' => 'Mozilla/5.0 (Windows NT 6.1; WOW64) AppleWebKit/537.36 (KHTML, like Gecko) Chrome/45.0.2454.101 Safari/537.36',
  'accept' => '*/*',
  'referer' => 'http://o.dqzd.com/index.html',
  'accept-encoding' => 'gzip, deflate, sdch',
  'accept-language' => 'zh-CN,zh;q=0.8',
  'content-type' => '',
  'content-length' => '',
)
[ info ] [ PARAM ] array (
)
[ info ] [ LOG ] INIT File

---------------------------------------------------------------
[ 2017-03-16T09:03:37+08:00 ] 183.56.148.206 112.16.48.132 GET /pro1/1
[ log ] o.dqzd.com/pro1/1 [运行时间：0.045386s][吞吐率：22.03req/s] [内存消耗：3,343.70kb] [文件加载：52]
[ info ] [ LANG ] /www/wwwroot/o.dqzd.cpm/thinkphp/lang/zh-cn.php
[ info ] [ ROUTE ] array (
  'type' => 'module',
  'module' => 
  array (
    0 => 'index',
    1 => 'Pro',
    2 => 'pro1',
  ),
  'convert' => false,
)
[ info ] [ HEADER ] array (
  'host' => 'o.dqzd.com',
  'connection' => 'keep-alive',
  'accept' => 'text/html,application/xhtml+xml,application/xml;q=0.9,image/webp,*/*;q=0.8',
  'upgrade-insecure-requests' => '1',
  'user-agent' => 'Mozilla/5.0 (Windows NT 6.1; WOW64) AppleWebKit/537.36 (KHTML, like Gecko) Chrome/45.0.2454.101 Safari/537.36',
  'referer' => 'http://o.dqzd.com/index.html',
  'accept-encoding' => 'gzip, deflate, sdch',
  'accept-language' => 'zh-CN,zh;q=0.8',
  'content-type' => '',
  'content-length' => '',
)
[ info ] [ PARAM ] array (
  'tid' => '1',
)
[ info ] [ DB ] INIT mysql
[ info ] [ RUN ] app\index\controller\Pro->pro1[ /www/wwwroot/o.dqzd.cpm/application/index/controller/Pro.php ]
[ info ] [ VIEW ] /www/wwwroot/o.dqzd.cpm/public/../application/index/view/pro/pro1.html [ array (
  0 => 'system',
  1 => 'link',
  2 => 'pro',
  3 => 'list',
) ]
[ info ] [ LOG ] INIT File
[ sql ] [ DB ] CONNECT:[ UseTime:0.000752s ] mysql:dbname=jiepai;host=127.0.0.1;charset=utf8
[ sql ] [ SQL ] SHOW COLUMNS FROM `wb_system` [ RunTime:0.001383s ]
[ sql ] [ SQL ] SELECT * FROM `wb_system` WHERE  `id` = 1 LIMIT 1 [ RunTime:0.000379s ]
[ sql ] [ SQL ] SHOW COLUMNS FROM `wb_productcate` [ RunTime:0.000846s ]
[ sql ] [ SQL ] SELECT * FROM `wb_productcate` WHERE  (  pid=0 ) [ RunTime:0.000247s ]
[ sql ] [ SQL ] SHOW COLUMNS FROM `wb_others` [ RunTime:0.001067s ]
[ sql ] [ SQL ] SELECT * FROM `wb_others` WHERE  `id` = 1 LIMIT 1 [ RunTime:0.000227s ]
[ sql ] [ SQL ] SELECT * FROM `wb_productcate` WHERE  (  pid=1 ) [ RunTime:0.000425s ]

---------------------------------------------------------------
[ 2017-03-16T09:03:40+08:00 ] 183.56.148.206 112.16.48.132 GET /pro1/favicon.ico
[ log ] o.dqzd.com/pro1/favicon.ico [运行时间：0.043625s][吞吐率：22.92req/s] [内存消耗：3,398.67kb] [文件加载：56]
[ info ] [ LANG ] /www/wwwroot/o.dqzd.cpm/thinkphp/lang/zh-cn.php
[ info ] [ ROUTE ] array (
  'type' => 'module',
  'module' => 
  array (
    0 => 'index',
    1 => 'Pro',
    2 => 'pro1',
  ),
  'convert' => false,
)
[ info ] [ HEADER ] array (
  'host' => 'o.dqzd.com',
  'connection' => 'keep-alive',
  'user-agent' => 'Mozilla/5.0 (Windows NT 6.1; WOW64) AppleWebKit/537.36 (KHTML, like Gecko) Chrome/45.0.2454.101 Safari/537.36',
  'accept' => '*/*',
  'referer' => 'http://o.dqzd.com/pro1/1',
  'accept-encoding' => 'gzip, deflate, sdch',
  'accept-language' => 'zh-CN,zh;q=0.8',
  'content-type' => '',
  'content-length' => '',
)
[ info ] [ PARAM ] array (
  'tid' => 'favicon.ico',
)
[ info ] [ DB ] INIT mysql
[ info ] [ RUN ] app\index\controller\Pro->pro1[ /www/wwwroot/o.dqzd.cpm/application/index/controller/Pro.php ]
[ info ] [ LOG ] INIT File
[ sql ] [ DB ] CONNECT:[ UseTime:0.000748s ] mysql:dbname=jiepai;host=127.0.0.1;charset=utf8
[ sql ] [ SQL ] SHOW COLUMNS FROM `wb_system` [ RunTime:0.001380s ]
[ sql ] [ SQL ] SELECT * FROM `wb_system` WHERE  `id` = 1 LIMIT 1 [ RunTime:0.000334s ]
[ sql ] [ SQL ] SHOW COLUMNS FROM `wb_productcate` [ RunTime:0.000796s ]
[ sql ] [ SQL ] SELECT * FROM `wb_productcate` WHERE  (  pid=0 ) [ RunTime:0.000240s ]
[ sql ] [ SQL ] SHOW COLUMNS FROM `wb_others` [ RunTime:0.000815s ]
[ sql ] [ SQL ] SELECT * FROM `wb_others` WHERE  `id` = 1 LIMIT 1 [ RunTime:0.000375s ]
[ error ] [10501]SQLSTATE[42S22]: Column not found: 1054 Unknown column 'favicon.ico' in 'where clause'[/www/wwwroot/o.dqzd.cpm/thinkphp/library/think/db/Connection.php:399]

---------------------------------------------------------------
[ 2017-03-16T09:03:42+08:00 ] 183.56.148.206 112.16.48.132 GET /pro1/2
[ log ] o.dqzd.com/pro1/2 [运行时间：0.041077s][吞吐率：24.34req/s] [内存消耗：3,340.69kb] [文件加载：52]
[ info ] [ LANG ] /www/wwwroot/o.dqzd.cpm/thinkphp/lang/zh-cn.php
[ info ] [ ROUTE ] array (
  'type' => 'module',
  'module' => 
  array (
    0 => 'index',
    1 => 'Pro',
    2 => 'pro1',
  ),
  'convert' => false,
)
[ info ] [ HEADER ] array (
  'host' => 'o.dqzd.com',
  'connection' => 'keep-alive',
  'accept' => 'text/html,application/xhtml+xml,application/xml;q=0.9,image/webp,*/*;q=0.8',
  'upgrade-insecure-requests' => '1',
  'user-agent' => 'Mozilla/5.0 (Windows NT 6.1; WOW64) AppleWebKit/537.36 (KHTML, like Gecko) Chrome/45.0.2454.101 Safari/537.36',
  'referer' => 'http://o.dqzd.com/index.html',
  'accept-encoding' => 'gzip, deflate, sdch',
  'accept-language' => 'zh-CN,zh;q=0.8',
  'content-type' => '',
  'content-length' => '',
)
[ info ] [ PARAM ] array (
  'tid' => '2',
)
[ info ] [ DB ] INIT mysql
[ info ] [ RUN ] app\index\controller\Pro->pro1[ /www/wwwroot/o.dqzd.cpm/application/index/controller/Pro.php ]
[ info ] [ VIEW ] /www/wwwroot/o.dqzd.cpm/public/../application/index/view/pro/pro1.html [ array (
  0 => 'system',
  1 => 'link',
  2 => 'pro',
  3 => 'list',
) ]
[ info ] [ LOG ] INIT File
[ sql ] [ DB ] CONNECT:[ UseTime:0.000485s ] mysql:dbname=jiepai;host=127.0.0.1;charset=utf8
[ sql ] [ SQL ] SHOW COLUMNS FROM `wb_system` [ RunTime:0.002124s ]
[ sql ] [ SQL ] SELECT * FROM `wb_system` WHERE  `id` = 1 LIMIT 1 [ RunTime:0.000341s ]
[ sql ] [ SQL ] SHOW COLUMNS FROM `wb_productcate` [ RunTime:0.000752s ]
[ sql ] [ SQL ] SELECT * FROM `wb_productcate` WHERE  (  pid=0 ) [ RunTime:0.000244s ]
[ sql ] [ SQL ] SHOW COLUMNS FROM `wb_others` [ RunTime:0.000831s ]
[ sql ] [ SQL ] SELECT * FROM `wb_others` WHERE  `id` = 1 LIMIT 1 [ RunTime:0.000220s ]
[ sql ] [ SQL ] SELECT * FROM `wb_productcate` WHERE  (  pid=2 ) [ RunTime:0.000249s ]

---------------------------------------------------------------
[ 2017-03-16T09:03:44+08:00 ] 183.56.148.206 112.16.48.132 GET /pro1/favicon.ico
[ log ] o.dqzd.com/pro1/favicon.ico [运行时间：0.042718s][吞吐率：23.41req/s] [内存消耗：3,398.67kb] [文件加载：56]
[ info ] [ LANG ] /www/wwwroot/o.dqzd.cpm/thinkphp/lang/zh-cn.php
[ info ] [ ROUTE ] array (
  'type' => 'module',
  'module' => 
  array (
    0 => 'index',
    1 => 'Pro',
    2 => 'pro1',
  ),
  'convert' => false,
)
[ info ] [ HEADER ] array (
  'host' => 'o.dqzd.com',
  'connection' => 'keep-alive',
  'user-agent' => 'Mozilla/5.0 (Windows NT 6.1; WOW64) AppleWebKit/537.36 (KHTML, like Gecko) Chrome/45.0.2454.101 Safari/537.36',
  'accept' => '*/*',
  'referer' => 'http://o.dqzd.com/pro1/2',
  'accept-encoding' => 'gzip, deflate, sdch',
  'accept-language' => 'zh-CN,zh;q=0.8',
  'content-type' => '',
  'content-length' => '',
)
[ info ] [ PARAM ] array (
  'tid' => 'favicon.ico',
)
[ info ] [ DB ] INIT mysql
[ info ] [ RUN ] app\index\controller\Pro->pro1[ /www/wwwroot/o.dqzd.cpm/application/index/controller/Pro.php ]
[ info ] [ LOG ] INIT File
[ sql ] [ DB ] CONNECT:[ UseTime:0.000608s ] mysql:dbname=jiepai;host=127.0.0.1;charset=utf8
[ sql ] [ SQL ] SHOW COLUMNS FROM `wb_system` [ RunTime:0.000986s ]
[ sql ] [ SQL ] SELECT * FROM `wb_system` WHERE  `id` = 1 LIMIT 1 [ RunTime:0.000303s ]
[ sql ] [ SQL ] SHOW COLUMNS FROM `wb_productcate` [ RunTime:0.000794s ]
[ sql ] [ SQL ] SELECT * FROM `wb_productcate` WHERE  (  pid=0 ) [ RunTime:0.000228s ]
[ sql ] [ SQL ] SHOW COLUMNS FROM `wb_others` [ RunTime:0.000776s ]
[ sql ] [ SQL ] SELECT * FROM `wb_others` WHERE  `id` = 1 LIMIT 1 [ RunTime:0.000207s ]
[ error ] [10501]SQLSTATE[42S22]: Column not found: 1054 Unknown column 'favicon.ico' in 'where clause'[/www/wwwroot/o.dqzd.cpm/thinkphp/library/think/db/Connection.php:399]

---------------------------------------------------------------
[ 2017-03-16T09:03:48+08:00 ] 183.56.148.206 112.16.48.132 GET /pro1/4
[ log ] o.dqzd.com/pro1/4 [运行时间：0.044648s][吞吐率：22.40req/s] [内存消耗：3,337.63kb] [文件加载：52]
[ info ] [ LANG ] /www/wwwroot/o.dqzd.cpm/thinkphp/lang/zh-cn.php
[ info ] [ ROUTE ] array (
  'type' => 'module',
  'module' => 
  array (
    0 => 'index',
    1 => 'Pro',
    2 => 'pro1',
  ),
  'convert' => false,
)
[ info ] [ HEADER ] array (
  'host' => 'o.dqzd.com',
  'connection' => 'keep-alive',
  'accept' => 'text/html,application/xhtml+xml,application/xml;q=0.9,image/webp,*/*;q=0.8',
  'upgrade-insecure-requests' => '1',
  'user-agent' => 'Mozilla/5.0 (Windows NT 6.1; WOW64) AppleWebKit/537.36 (KHTML, like Gecko) Chrome/45.0.2454.101 Safari/537.36',
  'referer' => 'http://o.dqzd.com/index.html',
  'accept-encoding' => 'gzip, deflate, sdch',
  'accept-language' => 'zh-CN,zh;q=0.8',
  'content-type' => '',
  'content-length' => '',
)
[ info ] [ PARAM ] array (
  'tid' => '4',
)
[ info ] [ DB ] INIT mysql
[ info ] [ RUN ] app\index\controller\Pro->pro1[ /www/wwwroot/o.dqzd.cpm/application/index/controller/Pro.php ]
[ info ] [ VIEW ] /www/wwwroot/o.dqzd.cpm/public/../application/index/view/pro/pro1.html [ array (
  0 => 'system',
  1 => 'link',
  2 => 'pro',
  3 => 'list',
) ]
[ info ] [ LOG ] INIT File
[ sql ] [ DB ] CONNECT:[ UseTime:0.000831s ] mysql:dbname=jiepai;host=127.0.0.1;charset=utf8
[ sql ] [ SQL ] SHOW COLUMNS FROM `wb_system` [ RunTime:0.001796s ]
[ sql ] [ SQL ] SELECT * FROM `wb_system` WHERE  `id` = 1 LIMIT 1 [ RunTime:0.000441s ]
[ sql ] [ SQL ] SHOW COLUMNS FROM `wb_productcate` [ RunTime:0.001065s ]
[ sql ] [ SQL ] SELECT * FROM `wb_productcate` WHERE  (  pid=0 ) [ RunTime:0.000345s ]
[ sql ] [ SQL ] SHOW COLUMNS FROM `wb_others` [ RunTime:0.001066s ]
[ sql ] [ SQL ] SELECT * FROM `wb_others` WHERE  `id` = 1 LIMIT 1 [ RunTime:0.000385s ]
[ sql ] [ SQL ] SELECT * FROM `wb_productcate` WHERE  (  pid=4 ) [ RunTime:0.000250s ]

---------------------------------------------------------------
[ 2017-03-16T09:03:50+08:00 ] 183.56.148.206 112.16.48.132 GET /pro1/favicon.ico
[ log ] o.dqzd.com/pro1/favicon.ico [运行时间：0.039099s][吞吐率：25.58req/s] [内存消耗：3,398.67kb] [文件加载：56]
[ info ] [ LANG ] /www/wwwroot/o.dqzd.cpm/thinkphp/lang/zh-cn.php
[ info ] [ ROUTE ] array (
  'type' => 'module',
  'module' => 
  array (
    0 => 'index',
    1 => 'Pro',
    2 => 'pro1',
  ),
  'convert' => false,
)
[ info ] [ HEADER ] array (
  'host' => 'o.dqzd.com',
  'connection' => 'keep-alive',
  'user-agent' => 'Mozilla/5.0 (Windows NT 6.1; WOW64) AppleWebKit/537.36 (KHTML, like Gecko) Chrome/45.0.2454.101 Safari/537.36',
  'accept' => '*/*',
  'referer' => 'http://o.dqzd.com/pro1/4',
  'accept-encoding' => 'gzip, deflate, sdch',
  'accept-language' => 'zh-CN,zh;q=0.8',
  'content-type' => '',
  'content-length' => '',
)
[ info ] [ PARAM ] array (
  'tid' => 'favicon.ico',
)
[ info ] [ DB ] INIT mysql
[ info ] [ RUN ] app\index\controller\Pro->pro1[ /www/wwwroot/o.dqzd.cpm/application/index/controller/Pro.php ]
[ info ] [ LOG ] INIT File
[ sql ] [ DB ] CONNECT:[ UseTime:0.000506s ] mysql:dbname=jiepai;host=127.0.0.1;charset=utf8
[ sql ] [ SQL ] SHOW COLUMNS FROM `wb_system` [ RunTime:0.001175s ]
[ sql ] [ SQL ] SELECT * FROM `wb_system` WHERE  `id` = 1 LIMIT 1 [ RunTime:0.000341s ]
[ sql ] [ SQL ] SHOW COLUMNS FROM `wb_productcate` [ RunTime:0.000774s ]
[ sql ] [ SQL ] SELECT * FROM `wb_productcate` WHERE  (  pid=0 ) [ RunTime:0.000266s ]
[ sql ] [ SQL ] SHOW COLUMNS FROM `wb_others` [ RunTime:0.000862s ]
[ sql ] [ SQL ] SELECT * FROM `wb_others` WHERE  `id` = 1 LIMIT 1 [ RunTime:0.000239s ]
[ error ] [10501]SQLSTATE[42S22]: Column not found: 1054 Unknown column 'favicon.ico' in 'where clause'[/www/wwwroot/o.dqzd.cpm/thinkphp/library/think/db/Connection.php:399]

---------------------------------------------------------------
[ 2017-03-16T09:19:07+08:00 ] 183.56.148.206 112.16.48.132 GET /index.html
[ log ] o.dqzd.com/index.html [运行时间：0.047367s][吞吐率：21.11req/s] [内存消耗：3,297.38kb] [文件加载：50]
[ info ] [ LANG ] /www/wwwroot/o.dqzd.cpm/thinkphp/lang/zh-cn.php
[ info ] [ ROUTE ] array (
  'type' => 'module',
  'module' => 
  array (
    0 => 'index',
    1 => NULL,
    2 => NULL,
  ),
)
[ info ] [ HEADER ] array (
  'host' => 'o.dqzd.com',
  'connection' => 'keep-alive',
  'accept' => 'text/html,application/xhtml+xml,application/xml;q=0.9,image/webp,*/*;q=0.8',
  'upgrade-insecure-requests' => '1',
  'user-agent' => 'Mozilla/5.0 (Windows NT 6.1; WOW64) AppleWebKit/537.36 (KHTML, like Gecko) Chrome/45.0.2454.101 Safari/537.36',
  'accept-encoding' => 'gzip, deflate, sdch',
  'accept-language' => 'zh-CN,zh;q=0.8',
  'content-type' => '',
  'content-length' => '',
)
[ info ] [ PARAM ] array (
)
[ info ] [ DB ] INIT mysql
[ info ] [ RUN ] app\index\controller\Index->index[ /www/wwwroot/o.dqzd.cpm/application/index/controller/Index.php ]
[ info ] [ VIEW ] /www/wwwroot/o.dqzd.cpm/public/../application/index/view/index/index.html [ array (
  0 => 'system',
  1 => 'link',
  2 => 'pro',
  3 => 'slide',
  4 => 'news',
) ]
[ info ] [ LOG ] INIT File
[ sql ] [ DB ] CONNECT:[ UseTime:0.000649s ] mysql:dbname=jiepai;host=127.0.0.1;charset=utf8
[ sql ] [ SQL ] SHOW COLUMNS FROM `wb_system` [ RunTime:0.001229s ]
[ sql ] [ SQL ] SELECT * FROM `wb_system` WHERE  `id` = 1 LIMIT 1 [ RunTime:0.000383s ]
[ sql ] [ SQL ] SHOW COLUMNS FROM `wb_productcate` [ RunTime:0.000895s ]
[ sql ] [ SQL ] SELECT * FROM `wb_productcate` WHERE  (  pid=0 ) [ RunTime:0.000249s ]
[ sql ] [ SQL ] SHOW COLUMNS FROM `wb_others` [ RunTime:0.000813s ]
[ sql ] [ SQL ] SELECT * FROM `wb_others` WHERE  `id` = 1 LIMIT 1 [ RunTime:0.000222s ]
[ sql ] [ SQL ] SHOW COLUMNS FROM `wb_slide` [ RunTime:0.000805s ]
[ sql ] [ SQL ] SELECT * FROM `wb_slide` ORDER BY slide_sort asc [ RunTime:0.000227s ]
[ sql ] [ SQL ] SHOW COLUMNS FROM `wb_article` [ RunTime:0.000951s ]
[ sql ] [ SQL ] SELECT * FROM `wb_article` ORDER BY id desc LIMIT 3 [ RunTime:0.000320s ]

---------------------------------------------------------------
